This is pdfeTeXk, Version 3.141592-1.21a-2.2 (Web2C 7.5.4) (format=latex 2011.1.29)  28 JUN 2012 14:14
entering extended mode
 file:line:error style messages enabled.
 %&-line parsing enabled.
**wfonly
(./wfonly.tex
LaTeX2e <2003/12/01>
Babel <v3.8d> and hyphenation patterns for american, french, german, ngerman, b
ahasa, basque, bulgarian, catalan, croatian, czech, danish, dutch, esperanto, e
stonian, finnish, greek, icelandic, irish, italian, latin, magyar, norsk, polis
h, portuges, romanian, russian, serbian, slovak, slovene, spanish, swedish, tur
kish, ukrainian, nohyphenation, loaded.
(/usr/share/texmf/tex/latex/base/report.cls
Document Class: report 2004/02/16 v1.4f Standard LaTeX document class
(/usr/share/texmf/tex/latex/base/size11.clo
File: size11.clo 2004/02/16 v1.4f Standard LaTeX file (size option)
)
\c@part=\count79
\c@chapter=\count80
\c@section=\count81
\c@subsection=\count82
\c@subsubsection=\count83
\c@paragraph=\count84
\c@subparagraph=\count85
\c@figure=\count86
\c@table=\count87
\abovecaptionskip=\skip41
\belowcaptionskip=\skip42
\bibindent=\dimen102
)
(/usr/share/texmf/tex/generic/epsf/epsf.tex
This is `epsf.tex' v2.7.3 <23 July 2005>
\epsffilein=\read1
\epsfframemargin=\dimen103
\epsfframethickness=\dimen104
\epsfrsize=\dimen105
\epsftmp=\dimen106
\epsftsize=\dimen107
\epsfxsize=\dimen108
\epsfysize=\dimen109
\pspoints=\dimen110
)
\c@example=\count88
\c@proposition=\count89
\c@dummylemma=\count90
 (./wfonly.aux)
\openout1 = `wfonly.aux'.

LaTeX Font Info:    Checking defaults for OML/cmm/m/it on input line 74.
LaTeX Font Info:    ... okay on input line 74.
LaTeX Font Info:    Checking defaults for T1/cmr/m/n on input line 74.
LaTeX Font Info:    ... okay on input line 74.
LaTeX Font Info:    Checking defaults for OT1/cmr/m/n on input line 74.
LaTeX Font Info:    ... okay on input line 74.
LaTeX Font Info:    Checking defaults for OMS/cmsy/m/n on input line 74.
LaTeX Font Info:    ... okay on input line 74.
LaTeX Font Info:    Checking defaults for OMX/cmex/m/n on input line 74.
LaTeX Font Info:    ... okay on input line 74.
LaTeX Font Info:    Checking defaults for U/cmr/m/n on input line 74.
LaTeX Font Info:    ... okay on input line 74.
LaTeX Font Info:    External font `cmex10' loaded for size
(Font)              <17.28> on input line 94.
LaTeX Font Info:    External font `cmex10' loaded for size
(Font)              <12> on input line 94.
LaTeX Font Info:    External font `cmex10' loaded for size
(Font)              <8> on input line 94.
LaTeX Font Info:    External font `cmex10' loaded for size
(Font)              <6> on input line 94.
LaTeX Font Info:    External font `cmex10' loaded for size
(Font)              <7> on input line 94.
LaTeX Font Info:    External font `cmex10' loaded for size
(Font)              <5> on input line 94.
 [1

]
Chapter 1.
(./wellfounded.tex

LaTeX Warning: Citation `vangelder-et-al' on page 1 undefined on input line 4.

[1

]
LaTeX Font Info:    Try loading font information for OMS+cmr on input line 48.
 (/usr/share/texmf/tex/latex/base/omscmr.fd
File: omscmr.fd 1999/05/25 v2.5h Standard LaTeX font definitions
)
LaTeX Font Info:    Font shape `OMS/cmr/m/n' in size <10.95> not available
(Font)              Font shape `OMS/cmsy/m/n' tried instead on input line 48.
 [2]
LaTeX Font Info:    External font `cmex10' loaded for size
(Font)              <10.95> on input line 125.
LaTeX Font Info:    External font `cmex10' loaded for size
(Font)              <9> on input line 126.
 [3] [4])
No file wfonly.bbl.
[5] (./wfonly.aux)

LaTeX Warning: There were undefined references.

 ) 
Here is how much of TeX's memory you used:
 414 strings out of 94501
 4535 string characters out of 1176789
 52403 words of memory out of 1000000
 3639 multiletter control sequences out of 10000+50000
 12167 words of font info for 42 fonts, out of 500000 for 2000
 580 hyphenation exceptions out of 1000
 26i,8n,21p,172b,266s stack positions out of 1500i,500n,5000p,200000b,5000s

Output written on wfonly.dvi (6 pages, 17196 bytes).
